Flow report for holo1
Tue Apr 21 01:46:06 2026
Quartus Prime Version 18.1.0 Build 625 09/12/2018 SJ Lite Edition


---------------------
; Table of Contents ;
---------------------
  1. Legal Notice
  2. Flow Summary
  3. Flow Settings
  4. Flow Non-Default Global Settings
  5. Flow Elapsed Time
  6. Flow OS Summary
  7. Flow Log
  8. Flow Messages
  9. Flow Suppressed Messages



----------------
; Legal Notice ;
----------------
Copyright (C) 2018  Intel Corporation. All rights reserved.
Your use of Intel Corporation's design tools, logic functions 
and other software and tools, and its AMPP partner logic 
functions, and any output files from any of the foregoing 
(including device programming or simulation files), and any 
associated documentation or information are expressly subject 
to the terms and conditions of the Intel Program License 
Subscription Agreement, the Intel Quartus Prime License Agreement,
the Intel FPGA IP License Agreement, or other applicable license
agreement, including, without limitation, that your use is for
the sole purpose of programming logic devices manufactured by
Intel and sold by Intel or its authorized distributors.  Please
refer to the applicable agreement for further details.



+----------------------------------------------------------------------------------+
; Flow Summary                                                                     ;
+------------------------------------+---------------------------------------------+
; Flow Status                        ; Successful - Tue Apr 21 01:46:06 2026       ;
; Quartus Prime Version              ; 18.1.0 Build 625 09/12/2018 SJ Lite Edition ;
; Revision Name                      ; holo1                                       ;
; Top-level Entity Name              ; HoloTop                                     ;
; Family                             ; Cyclone 10 LP                               ;
; Device                             ; 10CL010YE144C8G                             ;
; Timing Models                      ; Final                                       ;
; Total logic elements               ; 5,444 / 10,320 ( 53 % )                     ;
;     Total combinational functions  ; 3,896 / 10,320 ( 38 % )                     ;
;     Dedicated logic registers      ; 3,722 / 10,320 ( 36 % )                     ;
; Total registers                    ; 3722                                        ;
; Total pins                         ; 65 / 89 ( 73 % )                            ;
; Total virtual pins                 ; 0                                           ;
; Total memory bits                  ; 376,832 / 423,936 ( 89 % )                  ;
; Embedded Multiplier 9-bit elements ; 32 / 46 ( 70 % )                            ;
; Total PLLs                         ; 1 / 2 ( 50 % )                              ;
+------------------------------------+---------------------------------------------+


+-----------------------------------------+
; Flow Settings                           ;
+-------------------+---------------------+
; Option            ; Setting             ;
+-------------------+---------------------+
; Start date & time ; 04/21/2026 01:44:43 ;
; Main task         ; Compilation         ;
; Revision Name     ; holo1               ;
+-------------------+---------------------+


+-------------------------------------------------------------------------------------------------------------------------------------------------+
; Flow Non-Default Global Settings                                                                                                                ;
+--------------------------------------+----------------------------------------+---------------+-------------+-----------------------------------+
; Assignment Name                      ; Value                                  ; Default Value ; Entity Name ; Section Id                        ;
+--------------------------------------+----------------------------------------+---------------+-------------+-----------------------------------+
; COMPILER_SIGNATURE_ID                ; 185410951902112.177669268325172        ; --            ; --          ; --                                ;
; EDA_GENERATE_FUNCTIONAL_NETLIST      ; Off                                    ; --            ; --          ; eda_board_design_timing           ;
; EDA_GENERATE_FUNCTIONAL_NETLIST      ; Off                                    ; --            ; --          ; eda_board_design_boundary_scan    ;
; EDA_GENERATE_FUNCTIONAL_NETLIST      ; Off                                    ; --            ; --          ; eda_board_design_signal_integrity ;
; EDA_GENERATE_FUNCTIONAL_NETLIST      ; Off                                    ; --            ; --          ; eda_board_design_symbol           ;
; EDA_OUTPUT_DATA_FORMAT               ; Systemverilog Hdl                      ; --            ; --          ; eda_simulation                    ;
; EDA_SIMULATION_TOOL                  ; ModelSim-Altera (SystemVerilog)        ; <None>        ; --          ; --                                ;
; EDA_TIME_SCALE                       ; 1 ps                                   ; --            ; --          ; eda_simulation                    ;
; ENABLE_SIGNALTAP                     ; Off                                    ; --            ; --          ; --                                ;
; FITTER_EFFORT                        ; Standard Fit                           ; Auto Fit      ; --          ; --                                ;
; MAX_CORE_JUNCTION_TEMP               ; 85                                     ; --            ; --          ; --                                ;
; MIN_CORE_JUNCTION_TEMP               ; 0                                      ; --            ; --          ; --                                ;
; MISC_FILE                            ; FlashFifo_bb.v                         ; --            ; --          ; --                                ;
; MISC_FILE                            ; Sqrtf_bb.v                             ; --            ; --          ; --                                ;
; MISC_FILE                            ; Int2Float.bsf                          ; --            ; --          ; --                                ;
; MISC_FILE                            ; Int2Float_inst.v                       ; --            ; --          ; --                                ;
; MISC_FILE                            ; Int2Float_bb.v                         ; --            ; --          ; --                                ;
; MISC_FILE                            ; Int2Float.inc                          ; --            ; --          ; --                                ;
; MISC_FILE                            ; Int2Float.cmp                          ; --            ; --          ; --                                ;
; MISC_FILE                            ; MultK.bsf                              ; --            ; --          ; --                                ;
; MISC_FILE                            ; MultK_inst.v                           ; --            ; --          ; --                                ;
; MISC_FILE                            ; MultK_bb.v                             ; --            ; --          ; --                                ;
; MISC_FILE                            ; MultK.cmp                              ; --            ; --          ; --                                ;
; MISC_FILE                            ; Float2Int.bsf                          ; --            ; --          ; --                                ;
; MISC_FILE                            ; Float2Int_inst.v                       ; --            ; --          ; --                                ;
; MISC_FILE                            ; Float2Int_bb.v                         ; --            ; --          ; --                                ;
; MISC_FILE                            ; Float2Int.inc                          ; --            ; --          ; --                                ;
; MISC_FILE                            ; Float2Int.cmp                          ; --            ; --          ; --                                ;
; MISC_FILE                            ; Pll_bb.v                               ; --            ; --          ; --                                ;
; MISC_FILE                            ; Pll.ppf                                ; --            ; --          ; --                                ;
; MISC_FILE                            ; PosColRam_bb.v                         ; --            ; --          ; --                                ;
; MISC_FILE                            ; CoeffMult_bb.v                         ; --            ; --          ; --                                ;
; MISC_FILE                            ; CoeffAdd_bb.v                          ; --            ; --          ; --                                ;
; MUX_RESTRUCTURE                      ; Off                                    ; Auto          ; --          ; --                                ;
; NOMINAL_CORE_SUPPLY_VOLTAGE          ; 1.2V                                   ; --            ; --          ; --                                ;
; OPTIMIZATION_MODE                    ; Aggressive Performance                 ; Balanced      ; --          ; --                                ;
; OUTPUT_IO_TIMING_FAR_END_VMEAS       ; Half Signal Swing                      ; --            ; --          ; --                                ;
; OUTPUT_IO_TIMING_FAR_END_VMEAS       ; Half Signal Swing                      ; --            ; --          ; --                                ;
; OUTPUT_IO_TIMING_NEAR_END_VMEAS      ; Half Vccio                             ; --            ; --          ; --                                ;
; OUTPUT_IO_TIMING_NEAR_END_VMEAS      ; Half Vccio                             ; --            ; --          ; --                                ;
; PARTITION_COLOR                      ; -- (Not supported for targeted family) ; --            ; HoloTop     ; Top                               ;
; PARTITION_FITTER_PRESERVATION_LEVEL  ; -- (Not supported for targeted family) ; --            ; HoloTop     ; Top                               ;
; PARTITION_NETLIST_TYPE               ; -- (Not supported for targeted family) ; --            ; HoloTop     ; Top                               ;
; PHYSICAL_SYNTHESIS_COMBO_LOGIC       ; On                                     ; Off           ; --          ; --                                ;
; PHYSICAL_SYNTHESIS_REGISTER_RETIMING ; On                                     ; Off           ; --          ; --                                ;
; PLACEMENT_EFFORT_MULTIPLIER          ; 4.0                                    ; 1.0           ; --          ; --                                ;
; POWER_BOARD_THERMAL_MODEL            ; None (CONSERVATIVE)                    ; --            ; --          ; --                                ;
; POWER_PRESET_COOLING_SOLUTION        ; 23 MM HEAT SINK WITH 200 LFPM AIRFLOW  ; --            ; --          ; --                                ;
; PROJECT_OUTPUT_DIRECTORY             ; output_files                           ; --            ; --          ; --                                ;
; ROUTER_TIMING_OPTIMIZATION_LEVEL     ; MAXIMUM                                ; Normal        ; --          ; --                                ;
; SMART_RECOMPILE                      ; On                                     ; Off           ; --          ; --                                ;
; TOP_LEVEL_ENTITY                     ; HoloTop                                ; holo1         ; --          ; --                                ;
; USE_SIGNALTAP_FILE                   ; stp1.stp                               ; --            ; --          ; --                                ;
; VERILOG_INPUT_VERSION                ; SystemVerilog_2005                     ; Verilog_2001  ; --          ; --                                ;
; VERILOG_SHOW_LMF_MAPPING_MESSAGES    ; Off                                    ; --            ; --          ; --                                ;
+--------------------------------------+----------------------------------------+---------------+-------------+-----------------------------------+


+--------------------------------------------------------------------------------------------------------------------------+
; Flow Elapsed Time                                                                                                        ;
+----------------------+--------------+-------------------------+---------------------+------------------------------------+
; Module Name          ; Elapsed Time ; Average Processors Used ; Peak Virtual Memory ; Total CPU Time (on all processors) ;
+----------------------+--------------+-------------------------+---------------------+------------------------------------+
; Analysis & Synthesis ; 00:00:38     ; 1.0                     ; 4915 MB             ; 00:00:31                           ;
; Fitter               ; 00:00:32     ; 1.3                     ; 5648 MB             ; 00:00:55                           ;
; Assembler            ; 00:00:02     ; 1.0                     ; 4706 MB             ; 00:00:01                           ;
; Timing Analyzer      ; 00:00:02     ; 1.6                     ; 4852 MB             ; 00:00:03                           ;
; EDA Netlist Writer   ; 00:00:01     ; 1.0                     ; 4677 MB             ; 00:00:01                           ;
; Total                ; 00:01:15     ; --                      ; --                  ; 00:01:31                           ;
+----------------------+--------------+-------------------------+---------------------+------------------------------------+


+------------------------------------------------------------------------------------+
; Flow OS Summary                                                                    ;
+----------------------+------------------+------------+------------+----------------+
; Module Name          ; Machine Hostname ; OS Name    ; OS Version ; Processor type ;
+----------------------+------------------+------------+------------+----------------+
; Analysis & Synthesis ; PC-HAMISH        ; Windows 10 ; 10.0       ; x86_64         ;
; Fitter               ; PC-HAMISH        ; Windows 10 ; 10.0       ; x86_64         ;
; Assembler            ; PC-HAMISH        ; Windows 10 ; 10.0       ; x86_64         ;
; Timing Analyzer      ; PC-HAMISH        ; Windows 10 ; 10.0       ; x86_64         ;
; EDA Netlist Writer   ; PC-HAMISH        ; Windows 10 ; 10.0       ; x86_64         ;
+----------------------+------------------+------------+------------+----------------+


------------
; Flow Log ;
------------
quartus_map --read_settings_files=on --write_settings_files=off holo1 -c holo1
quartus_fit --read_settings_files=off --write_settings_files=off holo1 -c holo1
quartus_asm --read_settings_files=off --write_settings_files=off holo1 -c holo1
quartus_sta holo1 -c holo1
quartus_eda --read_settings_files=off --write_settings_files=off holo1 -c holo1



